<?xml version="1.0" encoding="UTF-8"?>
<testng-results ignored="0" total="1" passed="1" failed="0" skipped="0">
  <reporter-output>
  </reporter-output>
  <suite started-at="2022-08-04T20:19:43 CDT" name="Suite" finished-at="2022-08-04T20:19:55 CDT" duration-ms="12522">
    <groups>
    </groups>
    <test started-at="2022-08-04T20:19:43 CDT" name="Test" finished-at="2022-08-04T20:19:55 CDT" duration-ms="12522">
      <class name="TestsCases.RegisterAccountTest">
        <test-method is-config="true" signature="setUp()[pri:0, instance:TestsCases.RegisterAccountTest@60bd273d]" started-at="2022-08-04T20:19:43 CDT" name="setUp" finished-at="2022-08-04T20:19:47 CDT" duration-ms="4228" status="PASS">
          <reporter-output>
          </reporter-output>
        </test-method> <!-- setUp -->
        <test-method signature="RegisterUserTest()[pri:0, instance:TestsCases.RegisterAccountTest@60bd273d]" started-at="2022-08-04T20:19:47 CDT" name="RegisterUserTest" finished-at="2022-08-04T20:19:55 CDT" duration-ms="8237" status="PASS">
          <reporter-output>
          </reporter-output>
        </test-method> <!-- RegisterUserTest -->
      </class> <!-- TestsCases.RegisterAccountTest -->
    </test> <!-- Test -->
  </suite> <!-- Suite -->
</testng-results>
